This is pdfTeX, Version 3.141592653-2.6-1.40.26 (TeX Live 2024) (preloaded format=pdflatex 2024.7.15)  5 NOV 2024 16:53
entering extended mode
 restricted \write18 enabled.
 %&-line parsing enabled.
**semiconductor_nanostructure.tex
(./semiconductor_nanostructure.tex
LaTeX2e <2024-06-01> patch level 2
L3 programming layer <2024-05-27>

! LaTeX Error: File `LegrandOrangeBook.cls' not found.

Type X to quit or <RETURN> to proceed,
or enter new name. (Default extension: cls)

Enter file name: 
! Emergency stop.
<read *> 
         
l.41 ^^M
        
*** (cannot \read from terminal in nonstop modes)

 
Here is how much of TeX's memory you used:
 19 strings out of 473584
 540 string characters out of 5732363
 1925908 words of memory out of 5000000
 23011 multiletter control sequences out of 15000+600000
 558069 words of font info for 36 fonts, out of 8000000 for 9000
 1141 hyphenation exceptions out of 8191
 19i,0n,29p,248b,17s stack positions out of 10000i,1000n,20000p,200000b,200000s
!  ==> Fatal error occurred, no output PDF file produced!
